[INFO  - 2020-06-10T11:05:12.255Z] GhostDriver - Main - running on port 9071
[INFO  - 2020-06-10T11:05:12.812Z] Session [41acae80-ab0a-11ea-933f-9f02b821f6f7] - page.settings - {"XSSAuditingEnabled":false,"javascriptCanCloseWindows":true,"javascriptCanOpenWindows":true,"javascriptEnabled":true,"loadImages":true,"localToRemoteUrlAccessEnabled":false,"userAgent":"Mozilla/5.0 (Windows NT 6.2; WOW64) AppleWebKit/538.1 (KHTML, like Gecko) PhantomJS/2.1.1 Safari/538.1","webSecurityEnabled":true}
[INFO  - 2020-06-10T11:05:12.812Z] Session [41acae80-ab0a-11ea-933f-9f02b821f6f7] - page.customHeaders:  - {}
[INFO  - 2020-06-10T11:05:12.812Z] Session [41acae80-ab0a-11ea-933f-9f02b821f6f7] - Session.negotiatedCapabilities - {"browserName":"phantomjs","version":"2.1.1","driverName":"ghostdriver","driverVersion":"1.2.0","platform":"windows-10-32bit","javascriptEnabled":true,"takesScreenshot":true,"handlesAlerts":false,"databaseEnabled":false,"locationContextEnabled":false,"applicationCacheEnabled":false,"browserConnectionEnabled":false,"cssSelectorsEnabled":true,"webStorageEnabled":false,"rotatable":false,"acceptSslCerts":false,"nativeEvents":true,"proxy":{"proxyType":"direct"}}
[INFO  - 2020-06-10T11:05:12.812Z] SessionManagerReqHand - _postNewSessionCommand - New Session Created: 41acae80-ab0a-11ea-933f-9f02b821f6f7
[ERROR - 2020-06-10T11:05:23.017Z] WebElementLocator - _handleLocateCommand - Element(s) NOT Found: GAVE UP. Search Stop Time: 1591787122423

  phantomjs://platform/console++.js:263 in error
[ERROR - 2020-06-10T11:05:24.739Z] Session [41acae80-ab0a-11ea-933f-9f02b821f6f7] - page.onError - msg: ReferenceError: Can't find variable: ElementUI

  phantomjs://platform/console++.js:263 in error
[ERROR - 2020-06-10T11:05:24.739Z] Session [41acae80-ab0a-11ea-933f-9f02b821f6f7] - page.onError - stack:
  (anonymous function) (http://swzx.gfxy.com:1520/cardJS/ly-cloud-extra-card-ui-vue.js:20)
  t (http://swzx.gfxy.com:1520/cardJS/ly-cloud-extra-card-ui-vue.js:1)
  (anonymous function) (http://swzx.gfxy.com:1520/cardJS/ly-cloud-extra-card-ui-vue.js:1)
  (anonymous function) (http://swzx.gfxy.com:1520/cardJS/ly-cloud-extra-card-ui-vue.js:1)
  (anonymous function) (http://swzx.gfxy.com:1520/cardJS/ly-cloud-extra-card-ui-vue.js:1)

  phantomjs://platform/console++.js:263 in error
[ERROR - 2020-06-10T11:05:31.031Z] Session [41acae80-ab0a-11ea-933f-9f02b821f6f7] - page.onError - msg: Unhandled promise rejection TypeError: Attempted to assign to readonly property.

  phantomjs://platform/console++.js:263 in error
[ERROR - 2020-06-10T11:05:31.031Z] Session [41acae80-ab0a-11ea-933f-9f02b821f6f7] - page.onError - stack:
  (anonymous function) (http://swzx.gfxy.com:1520/static/js/vendor.53c65cf5693ab1270b9b.js:25)

  phantomjs://platform/console++.js:263 in error
